[0m2021.04.10 16:01:51 INFO  Started: Metals version 0.10.1 in workspace '/home/miguelemosreverte/Desktop/evolution/evolution' for client vscode 1.55.1.[0m
[0m2021.04.10 16:01:52 INFO  time: initialize in 1.66s[0m
[0m2021.04.10 16:01:53 INFO  Attempting to connect to the build server...[0m
Starting the bsp launcher for bloop...
Opening a bsp server connection with 'bsp --protocol local --socket /tmp/bsp-launcher16140104087130795766/bsp.socket'...
Waiting for the bsp connection to come up...
[0m2021.04.10 16:01:54 INFO  shutting down Metals[0m
[0m2021.04.19 20:18:54 INFO  Started: Metals version 0.10.1 in workspace '/home/miguelemosreverte/Desktop/evolution/evolution' for client vscode 1.55.2.[0m
[0m2021.04.19 20:18:56 INFO  time: initialize in 1.67s[0m
[0m2021.04.19 20:18:57 INFO  Attempting to connect to the build server...[0m
Starting the bsp launcher for bloop...
Opening a bsp server connection with 'bsp --protocol local --socket /tmp/bsp-launcher8416767198767013003/bsp.socket'...
Waiting for the bsp connection to come up...
[0m2021.04.19 20:18:56 INFO  skipping build import with status 'Requested'[0m
Waiting for the bsp connection to come up...
Waiting for the bsp connection to come up...
Waiting for the bsp connection to come up...
No server running at 127.0.0.1:8212, let's fire one...
Resolving ch.epfl.scala:bloop-frontend_2.12:1.4.8...
Starting bloop server at 127.0.0.1:8212...
Java executable was not available on PATH, retrying with /home/miguelemosreverte/.jabba/jdk/adopt@1.11.0-9/bin/java
Starting bloop server at 127.0.0.1:8212...
Attempting a connection to the server...
Attempting a connection to the server...
Attempting a connection to the server...
Attempting a connection to the server...
Attempting a connection to the server...
[0m[32m[D][0m Waiting for a connection at local:///tmp/bsp-launcher8416767198767013003/bsp.socket...
The server is listening for incoming connections at local:///tmp/bsp-launcher8416767198767013003/bsp.socket...
Starting thread that pumps stdin and redirects it to the bsp server...
Starting thread that pumps server stdout and redirects it to the client stdout...
[0m2021.04.19 20:19:00 INFO  tracing is disabled for protocol BSP, to enable tracing of incoming and outgoing JSON messages create an empty file at /home/miguelemosreverte/.cache/metals/bsp.trace.json[0m
[0m2021.04.19 20:19:00 INFO  Attempting to connect to the build server...[0m
Starting the bsp launcher for bloop...
Opening a bsp server connection with 'bsp --protocol local --socket /tmp/bsp-launcher16364207110896792152/bsp.socket'...
Waiting for the bsp connection to come up...
[0m[32m[D][0m Waiting for a connection at local:///tmp/bsp-launcher16364207110896792152/bsp.socket...
The server is listening for incoming connections at local:///tmp/bsp-launcher16364207110896792152/bsp.socket...
Starting thread that pumps stdin and redirects it to the bsp server...
Starting thread that pumps server stdout and redirects it to the client stdout...
[0m2021.04.19 20:19:00 INFO  tracing is disabled for protocol BSP, to enable tracing of incoming and outgoing JSON messages create an empty file at /home/miguelemosreverte/.cache/metals/bsp.trace.json[0m
[0m2021.04.19 20:19:00 INFO  time: Connected to build server in 3.97s[0m
[0m2021.04.19 20:19:00 INFO  Connected to Build server: Bloop v1.4.8[0m
[0m2021.04.19 20:19:01 ERROR Empty build targets. Expected at least one build target identifier.[0m
[0m2021.04.19 20:19:01 ERROR Empty build targets. Expected at least one build target identifier.[0m
[0m2021.04.19 20:19:01 ERROR Empty build targets. Expected at least one build target identifier.[0m
[0m2021.04.19 20:19:01 INFO  time: Imported build in 0.1s[0m
[0m2021.04.19 20:19:05 INFO  time: indexed workspace in 4.2s[0m
[0m2021.04.20 22:02:43 INFO  Started: Metals version 0.10.1 in workspace '/home/miguelemosreverte/Desktop/evolution/evolution' for client vscode 1.55.2.[0m
[0m2021.04.20 22:02:44 INFO  time: initialize in 1.88s[0m
[0m2021.04.20 22:02:48 INFO  Attempting to connect to the build server...[0m
Starting the bsp launcher for bloop...
Opening a bsp server connection with 'bsp --protocol local --socket /tmp/bsp-launcher3195610221927188601/bsp.socket'...
Waiting for the bsp connection to come up...
[0m2021.04.20 22:02:48 INFO  skipping build import with status 'Requested'[0m
Waiting for the bsp connection to come up...
Waiting for the bsp connection to come up...
Waiting for the bsp connection to come up...
No server running at 127.0.0.1:8212, let's fire one...
Resolving ch.epfl.scala:bloop-frontend_2.12:1.4.8...
Starting bloop server at 127.0.0.1:8212...
Java executable was not available on PATH, retrying with /home/miguelemosreverte/.jabba/jdk/adopt@1.11.0-9/bin/java
Starting bloop server at 127.0.0.1:8212...
Attempting a connection to the server...
Attempting a connection to the server...
Attempting a connection to the server...
Attempting a connection to the server...
Attempting a connection to the server...
Attempting a connection to the server...
Attempting a connection to the server...
[0m[32m[D][0m Waiting for a connection at local:///tmp/bsp-launcher3195610221927188601/bsp.socket...
The server is listening for incoming connections at local:///tmp/bsp-launcher3195610221927188601/bsp.socket...
Starting thread that pumps stdin and redirects it to the bsp server...
Starting thread that pumps server stdout and redirects it to the client stdout...
[0m2021.04.20 22:02:52 INFO  tracing is disabled for protocol BSP, to enable tracing of incoming and outgoing JSON messages create an empty file at /home/miguelemosreverte/.cache/metals/bsp.trace.json[0m
[0m2021.04.20 22:02:52 INFO  Attempting to connect to the build server...[0m
Starting the bsp launcher for bloop...
Opening a bsp server connection with 'bsp --protocol local --socket /tmp/bsp-launcher6888266935530352774/bsp.socket'...
Waiting for the bsp connection to come up...
[0m[32m[D][0m Waiting for a connection at local:///tmp/bsp-launcher6888266935530352774/bsp.socket...
The server is listening for incoming connections at local:///tmp/bsp-launcher6888266935530352774/bsp.socket...
Starting thread that pumps stdin and redirects it to the bsp server...
Starting thread that pumps server stdout and redirects it to the client stdout...
[0m2021.04.20 22:02:53 INFO  tracing is disabled for protocol BSP, to enable tracing of incoming and outgoing JSON messages create an empty file at /home/miguelemosreverte/.cache/metals/bsp.trace.json[0m
[0m2021.04.20 22:02:53 INFO  time: Connected to build server in 4.67s[0m
[0m2021.04.20 22:02:53 INFO  Connected to Build server: Bloop v1.4.8[0m
[0m2021.04.20 22:02:53 ERROR Empty build targets. Expected at least one build target identifier.[0m
[0m2021.04.20 22:02:53 ERROR Empty build targets. Expected at least one build target identifier.[0m
[0m2021.04.20 22:02:53 ERROR Empty build targets. Expected at least one build target identifier.[0m
[0m2021.04.20 22:02:56 INFO  time: indexed workspace in 3.08s[0m
[0m2021.04.26 06:53:54 INFO  Started: Metals version 0.10.1 in workspace '/home/miguelemosreverte/Desktop/evolution/evolution' for client vscode 1.55.2.[0m
[0m2021.04.26 06:53:56 INFO  time: initialize in 1.61s[0m
[0m2021.04.26 06:54:00 INFO  Attempting to connect to the build server...[0m
Starting the bsp launcher for bloop...
Opening a bsp server connection with 'bsp --protocol local --socket /tmp/bsp-launcher243365429719627042/bsp.socket'...
Waiting for the bsp connection to come up...
[0m2021.04.26 06:54:00 INFO  skipping build import with status 'Requested'[0m
Waiting for the bsp connection to come up...
Waiting for the bsp connection to come up...
Waiting for the bsp connection to come up...
No server running at 127.0.0.1:8212, let's fire one...
Resolving ch.epfl.scala:bloop-frontend_2.12:1.4.8...
Starting bloop server at 127.0.0.1:8212...
Java executable was not available on PATH, retrying with /home/miguelemosreverte/.jabba/jdk/adopt@1.11.0-9/bin/java
Starting bloop server at 127.0.0.1:8212...
Attempting a connection to the server...
Attempting a connection to the server...
Attempting a connection to the server...
Attempting a connection to the server...
Attempting a connection to the server...
Attempting a connection to the server...
[0m[32m[D][0m Waiting for a connection at local:///tmp/bsp-launcher243365429719627042/bsp.socket...
The server is listening for incoming connections at local:///tmp/bsp-launcher243365429719627042/bsp.socket...
Starting thread that pumps stdin and redirects it to the bsp server...
Starting thread that pumps server stdout and redirects it to the client stdout...
[0m2021.04.26 06:54:03 INFO  tracing is disabled for protocol BSP, to enable tracing of incoming and outgoing JSON messages create an empty file at /home/miguelemosreverte/.cache/metals/bsp.trace.json[0m
[0m2021.04.26 06:54:03 INFO  Attempting to connect to the build server...[0m
Starting the bsp launcher for bloop...
Opening a bsp server connection with 'bsp --protocol local --socket /tmp/bsp-launcher434749990535922342/bsp.socket'...
Waiting for the bsp connection to come up...
[0m[32m[D][0m Waiting for a connection at local:///tmp/bsp-launcher434749990535922342/bsp.socket...
The server is listening for incoming connections at local:///tmp/bsp-launcher434749990535922342/bsp.socket...
Starting thread that pumps stdin and redirects it to the bsp server...
Starting thread that pumps server stdout and redirects it to the client stdout...
[0m2021.04.26 06:54:04 INFO  tracing is disabled for protocol BSP, to enable tracing of incoming and outgoing JSON messages create an empty file at /home/miguelemosreverte/.cache/metals/bsp.trace.json[0m
[0m2021.04.26 06:54:04 INFO  time: Connected to build server in 4.03s[0m
[0m2021.04.26 06:54:04 INFO  Connected to Build server: Bloop v1.4.8[0m
[0m2021.04.26 06:54:04 ERROR Empty build targets. Expected at least one build target identifier.[0m
[0m2021.04.26 06:54:04 ERROR Empty build targets. Expected at least one build target identifier.[0m
[0m2021.04.26 06:54:04 ERROR Empty build targets. Expected at least one build target identifier.[0m
[0m2021.04.26 06:54:07 INFO  time: indexed workspace in 2.91s[0m
[0m2021.05.06 15:25:17 INFO  Started: Metals version 0.10.2 in workspace '/home/miguelemosreverte/Desktop/evolution/evolution' for client vscode 1.56.0.[0m
[0m2021.05.06 15:25:19 INFO  time: initialize in 1.5s[0m
[0m2021.05.06 15:25:23 INFO  Attempting to connect to the build server...[0m
Starting the bsp launcher for bloop...
Opening a bsp server connection with 'bsp --protocol local --socket /tmp/bsp-launcher8120421659203056619/bsp.socket'...
Waiting for the bsp connection to come up...
[0m2021.05.06 15:25:23 INFO  skipping build import with status 'Requested'[0m
Waiting for the bsp connection to come up...
Waiting for the bsp connection to come up...
Waiting for the bsp connection to come up...
Waiting for the bsp connection to come up...
Waiting for the bsp connection to come up...
Waiting for the bsp connection to come up...
Waiting for the bsp connection to come up...
No server running at 127.0.0.1:8212, let's fire one...
Resolving ch.epfl.scala:bloop-frontend_2.12:1.4.8-19-4d9f966b...
Starting bloop server at 127.0.0.1:8212...
Java executable was not available on PATH, retrying with /home/miguelemosreverte/.jabba/jdk/adopt@1.11.0-9/bin/java
Starting bloop server at 127.0.0.1:8212...
Attempting a connection to the server...
Attempting a connection to the server...
Attempting a connection to the server...
Attempting a connection to the server...
Attempting a connection to the server...
[0m[32m[D][0m Waiting for a connection at local:///tmp/bsp-launcher8120421659203056619/bsp.socket...
The server is listening for incoming connections at local:///tmp/bsp-launcher8120421659203056619/bsp.socket...
Starting thread that pumps stdin and redirects it to the bsp server...
Starting thread that pumps server stdout and redirects it to the client stdout...
[0m2021.05.06 15:25:31 INFO  tracing is disabled for protocol BSP, to enable tracing of incoming and outgoing JSON messages create an empty file at /home/miguelemosreverte/.cache/metals/bsp.trace.json[0m
[0m2021.05.06 15:25:31 INFO  Attempting to connect to the build server...[0m
Starting the bsp launcher for bloop...
Opening a bsp server connection with 'bsp --protocol local --socket /tmp/bsp-launcher2041105344275806426/bsp.socket'...
Waiting for the bsp connection to come up...
[0m[32m[D][0m Waiting for a connection at local:///tmp/bsp-launcher2041105344275806426/bsp.socket...
The server is listening for incoming connections at local:///tmp/bsp-launcher2041105344275806426/bsp.socket...
Starting thread that pumps stdin and redirects it to the bsp server...
Starting thread that pumps server stdout and redirects it to the client stdout...
[0m2021.05.06 15:25:31 INFO  tracing is disabled for protocol BSP, to enable tracing of incoming and outgoing JSON messages create an empty file at /home/miguelemosreverte/.cache/metals/bsp.trace.json[0m
[0m2021.05.06 15:25:44 INFO  time: Connected to build server in 21s[0m
[0m2021.05.06 15:25:44 INFO  Connected to Build server: Bloop v1.4.8-19-4d9f966b[0m
[0m2021.05.06 15:25:44 ERROR Empty build targets. Expected at least one build target identifier.[0m
[0m2021.05.06 15:25:44 ERROR Empty build targets. Expected at least one build target identifier.[0m
[0m2021.05.06 15:25:44 ERROR Empty build targets. Expected at least one build target identifier.[0m
[0m2021.05.06 15:25:47 INFO  time: indexed workspace in 2.73s[0m
[0m2021.05.06 15:26:41 INFO  shutting down Metals[0m
[0m2021.05.06 15:26:41 INFO  Shut down connection with build server.[0m
No more data in the client stdin, exiting...
[0m2021.05.06 15:26:41 INFO  Shut down connection with build server.[0m
No more data in the client stdin, exiting...
No more data in the server stdin, exiting...
No more data in the server stdin, exiting...
No more data in the server stdin, exiting...
No more data in the server stdin, exiting...
